<?xml version="1.0" encoding="UTF-8"?>
<testng-results total="3" passed="3" failed="0" skipped="0">
  <reporter-output>
    <line>
      <![CDATA[URL: http://183.82.103.245/nareshit/login.php]]>
    </line>
    <line>
      <![CDATA[Application opening]]>
    </line>
    <line>
      <![CDATA[User Name: nareshit]]>
    </line>
    <line>
      <![CDATA[Password: nareshit]]>
    </line>
    <line>
      <![CDATA[Login Completed]]>
    </line>
    <line>
      <![CDATA[Logout Completed]]>
    </line>
    <line>
      <![CDATA[Application close]]>
    </line>
    <line>
      <![CDATA[URL: http://183.82.103.245/nareshit/login.php]]>
    </line>
    <line>
      <![CDATA[Application opening]]>
    </line>
    <line>
      <![CDATA[User Name: nareshit]]>
    </line>
    <line>
      <![CDATA[Password: nareshit]]>
    </line>
    <line>
      <![CDATA[Login Completed]]>
    </line>
    <line>
      <![CDATA[enter into frame]]>
    </line>
    <line>
      <![CDATA[LasTName: hi]]>
    </line>
    <line>
      <![CDATA[FirstName: hello]]>
    </line>
    <line>
      <![CDATA[ImagePath: F:\flower.jpg]]>
    </line>
    <line>
      <![CDATA[Add Emp]]>
    </line>
    <line>
      <![CDATA[exit into frame]]>
    </line>
    <line>
      <![CDATA[Logout Completed]]>
    </line>
    <line>
      <![CDATA[Application close]]>
    </line>
    <line>
      <![CDATA[URL: http://183.82.103.245/nareshit/login.php]]>
    </line>
    <line>
      <![CDATA[Application opening]]>
    </line>
    <line>
      <![CDATA[User Name: nareshit]]>
    </line>
    <line>
      <![CDATA[Password: nareshit]]>
    </line>
    <line>
      <![CDATA[Login Completed]]>
    </line>
    <line>
      <![CDATA[enter into frame]]>
    </line>
    <line>
      <![CDATA[Search to select: hello]]>
    </line>
    <line>
      <![CDATA[Emp deleted]]>
    </line>
    <line>
      <![CDATA[exit into frame]]>
    </line>
    <line>
      <![CDATA[Logout Completed]]>
    </line>
    <line>
      <![CDATA[Application close]]>
    </line>
  </reporter-output>
  <suite started-at="2022-08-06T09:21:10Z" name="Suite" finished-at="2022-08-06T09:21:20Z" duration-ms="10030">
    <groups>
    </groups>
    <test started-at="2022-08-06T09:21:10Z" name="Test" finished-at="2022-08-06T09:21:20Z" duration-ms="10030">
      <class name="com.hrms.testscripts.TC001">
        <test-method signature="TC001()[pri:0, instance:com.hrms.testscripts.TC001@24105dc5]" started-at="2022-08-06T14:51:10Z" name="TC001" finished-at="2022-08-06T14:51:12Z" duration-ms="2775" status="PASS">
          <reporter-output>
            <line>
              <![CDATA[URL: http://183.82.103.245/nareshit/login.php]]>
            </line>
            <line>
              <![CDATA[Application opening]]>
            </line>
            <line>
              <![CDATA[User Name: nareshit]]>
            </line>
            <line>
              <![CDATA[Password: nareshit]]>
            </line>
            <line>
              <![CDATA[Login Completed]]>
            </line>
            <line>
              <![CDATA[Logout Completed]]>
            </line>
            <line>
              <![CDATA[Application close]]>
            </line>
          </reporter-output>
        </test-method> <!-- TC001 -->
      </class> <!-- com.hrms.testscripts.TC001 -->
      <class name="com.hrms.testscripts.TC002">
        <test-method signature="TC002()[pri:0, instance:com.hrms.testscripts.TC002@5167f57d]" started-at="2022-08-06T14:51:12Z" name="TC002" finished-at="2022-08-06T14:51:17Z" duration-ms="4418" status="PASS">
          <reporter-output>
            <line>
              <![CDATA[URL: http://183.82.103.245/nareshit/login.php]]>
            </line>
            <line>
              <![CDATA[Application opening]]>
            </line>
            <line>
              <![CDATA[User Name: nareshit]]>
            </line>
            <line>
              <![CDATA[Password: nareshit]]>
            </line>
            <line>
              <![CDATA[Login Completed]]>
            </line>
            <line>
              <![CDATA[enter into frame]]>
            </line>
            <line>
              <![CDATA[LasTName: hi]]>
            </line>
            <line>
              <![CDATA[FirstName: hello]]>
            </line>
            <line>
              <![CDATA[ImagePath: F:\flower.jpg]]>
            </line>
            <line>
              <![CDATA[Add Emp]]>
            </line>
            <line>
              <![CDATA[exit into frame]]>
            </line>
            <line>
              <![CDATA[Logout Completed]]>
            </line>
            <line>
              <![CDATA[Application close]]>
            </line>
          </reporter-output>
        </test-method> <!-- TC002 -->
      </class> <!-- com.hrms.testscripts.TC002 -->
      <class name="com.hrms.testscripts.TC003">
        <test-method signature="TC003()[pri:0, instance:com.hrms.testscripts.TC003@24959ca4]" started-at="2022-08-06T14:51:17Z" name="TC003" finished-at="2022-08-06T14:51:20Z" duration-ms="2827" status="PASS">
          <reporter-output>
            <line>
              <![CDATA[URL: http://183.82.103.245/nareshit/login.php]]>
            </line>
            <line>
              <![CDATA[Application opening]]>
            </line>
            <line>
              <![CDATA[User Name: nareshit]]>
            </line>
            <line>
              <![CDATA[Password: nareshit]]>
            </line>
            <line>
              <![CDATA[Login Completed]]>
            </line>
            <line>
              <![CDATA[enter into frame]]>
            </line>
            <line>
              <![CDATA[Search to select: hello]]>
            </line>
            <line>
              <![CDATA[Emp deleted]]>
            </line>
            <line>
              <![CDATA[exit into frame]]>
            </line>
            <line>
              <![CDATA[Logout Completed]]>
            </line>
            <line>
              <![CDATA[Application close]]>
            </line>
          </reporter-output>
        </test-method> <!-- TC003 -->
      </class> <!-- com.hrms.testscripts.TC003 -->
    </test> <!-- Test -->
  </suite> <!-- Suite -->
</testng-results>
